0 info it worked if it ends with ok
1 verbose cli [ '/home/xopher/.nodenv/versions/4.2.1/bin/node',
1 verbose cli   '/home/xopher/.nodenv/versions/4.2.1/bin/npm',
1 verbose cli   'shrinkwrap' ]
2 info using npm@3.5.1
3 info using node@v4.2.1
4 warn shrinkwrap Excluding devDependency: babel-loader@5.4.0 { bootstrap: '^3.3.5',
4 warn shrinkwrap   jquery: '^1.9.1',
4 warn shrinkwrap   lodash: '^3.9.1',
4 warn shrinkwrap   mithril: '^0.2.0' }
5 warn shrinkwrap Excluding devDependency: babel-plugin-mjsx@1.0.3 { bootstrap: '^3.3.5',
5 warn shrinkwrap   jquery: '^1.9.1',
5 warn shrinkwrap   lodash: '^3.9.1',
5 warn shrinkwrap   mithril: '^0.2.0' }
6 warn shrinkwrap Excluding devDependency: browser-sync@2.10.0 { bootstrap: '^3.3.5',
6 warn shrinkwrap   jquery: '^1.9.1',
6 warn shrinkwrap   lodash: '^3.9.1',
6 warn shrinkwrap   mithril: '^0.2.0' }
7 warn shrinkwrap Excluding devDependency: coffee-loader@0.7.2 { bootstrap: '^3.3.5',
7 warn shrinkwrap   jquery: '^1.9.1',
7 warn shrinkwrap   lodash: '^3.9.1',
7 warn shrinkwrap   mithril: '^0.2.0' }
8 warn shrinkwrap Excluding devDependency: express@4.13.3 { bootstrap: '^3.3.5',
8 warn shrinkwrap   jquery: '^1.9.1',
8 warn shrinkwrap   lodash: '^3.9.1',
8 warn shrinkwrap   mithril: '^0.2.0' }
9 warn shrinkwrap Excluding devDependency: jade@1.11.0 { bootstrap: '^3.3.5',
9 warn shrinkwrap   jquery: '^1.9.1',
9 warn shrinkwrap   lodash: '^3.9.1',
9 warn shrinkwrap   mithril: '^0.2.0' }
10 warn shrinkwrap Excluding devDependency: jasmine-core@2.4.1 { bootstrap: '^3.3.5',
10 warn shrinkwrap   jquery: '^1.9.1',
10 warn shrinkwrap   lodash: '^3.9.1',
10 warn shrinkwrap   mithril: '^0.2.0' }
11 warn shrinkwrap Excluding devDependency: karma-fixture@0.2.5 { bootstrap: '^3.3.5',
11 warn shrinkwrap   jquery: '^1.9.1',
11 warn shrinkwrap   lodash: '^3.9.1',
11 warn shrinkwrap   mithril: '^0.2.0' }
12 warn shrinkwrap Excluding devDependency: karma-html2js-preprocessor@0.1.0 { bootstrap: '^3.3.5',
12 warn shrinkwrap   jquery: '^1.9.1',
12 warn shrinkwrap   lodash: '^3.9.1',
12 warn shrinkwrap   mithril: '^0.2.0' }
13 warn shrinkwrap Excluding devDependency: karma-jasmine@0.3.6 { bootstrap: '^3.3.5',
13 warn shrinkwrap   jquery: '^1.9.1',
13 warn shrinkwrap   lodash: '^3.9.1',
13 warn shrinkwrap   mithril: '^0.2.0' }
14 warn shrinkwrap Excluding devDependency: karma-jasmine-html-reporter@0.1.8 { bootstrap: '^3.3.5',
14 warn shrinkwrap   jquery: '^1.9.1',
14 warn shrinkwrap   lodash: '^3.9.1',
14 warn shrinkwrap   mithril: '^0.2.0' }
15 warn shrinkwrap Excluding devDependency: karma-jasmine-matchers@2.0.0-beta2 { bootstrap: '^3.3.5',
15 warn shrinkwrap   jquery: '^1.9.1',
15 warn shrinkwrap   lodash: '^3.9.1',
15 warn shrinkwrap   mithril: '^0.2.0' }
16 warn shrinkwrap Excluding devDependency: karma-mocha-reporter@1.1.3 { bootstrap: '^3.3.5',
16 warn shrinkwrap   jquery: '^1.9.1',
16 warn shrinkwrap   lodash: '^3.9.1',
16 warn shrinkwrap   mithril: '^0.2.0' }
17 warn shrinkwrap Excluding devDependency: karma-phantomjs-launcher@0.2.1 { bootstrap: '^3.3.5',
17 warn shrinkwrap   jquery: '^1.9.1',
17 warn shrinkwrap   lodash: '^3.9.1',
17 warn shrinkwrap   mithril: '^0.2.0' }
18 warn shrinkwrap Excluding devDependency: karma-webpack@1.7.0 { bootstrap: '^3.3.5',
18 warn shrinkwrap   jquery: '^1.9.1',
18 warn shrinkwrap   lodash: '^3.9.1',
18 warn shrinkwrap   mithril: '^0.2.0' }
19 warn shrinkwrap Excluding devDependency: less@2.5.3 { bootstrap: '^3.3.5',
19 warn shrinkwrap   jquery: '^1.9.1',
19 warn shrinkwrap   lodash: '^3.9.1',
19 warn shrinkwrap   mithril: '^0.2.0' }
20 warn shrinkwrap Excluding devDependency: less-plugin-autoprefix@1.5.1 { bootstrap: '^3.3.5',
20 warn shrinkwrap   jquery: '^1.9.1',
20 warn shrinkwrap   lodash: '^3.9.1',
20 warn shrinkwrap   mithril: '^0.2.0' }
21 warn shrinkwrap Excluding devDependency: less-plugin-clean-css@1.5.1 { bootstrap: '^3.3.5',
21 warn shrinkwrap   jquery: '^1.9.1',
21 warn shrinkwrap   lodash: '^3.9.1',
21 warn shrinkwrap   mithril: '^0.2.0' }
22 warn shrinkwrap Excluding devDependency: nodemon@1.8.1 { bootstrap: '^3.3.5',
22 warn shrinkwrap   jquery: '^1.9.1',
22 warn shrinkwrap   lodash: '^3.9.1',
22 warn shrinkwrap   mithril: '^0.2.0' }
23 warn shrinkwrap Excluding devDependency: parallelshell@2.0.0 { bootstrap: '^3.3.5',
23 warn shrinkwrap   jquery: '^1.9.1',
23 warn shrinkwrap   lodash: '^3.9.1',
23 warn shrinkwrap   mithril: '^0.2.0' }
24 warn shrinkwrap Excluding devDependency: phantomjs@1.9.19 { bootstrap: '^3.3.5',
24 warn shrinkwrap   jquery: '^1.9.1',
24 warn shrinkwrap   lodash: '^3.9.1',
24 warn shrinkwrap   mithril: '^0.2.0' }
25 warn shrinkwrap Excluding devDependency: phantomjs-polyfill@0.0.1 { bootstrap: '^3.3.5',
25 warn shrinkwrap   jquery: '^1.9.1',
25 warn shrinkwrap   lodash: '^3.9.1',
25 warn shrinkwrap   mithril: '^0.2.0' }
26 warn shrinkwrap Excluding devDependency: watch@0.16.0 { bootstrap: '^3.3.5',
26 warn shrinkwrap   jquery: '^1.9.1',
26 warn shrinkwrap   lodash: '^3.9.1',
26 warn shrinkwrap   mithril: '^0.2.0' }
27 warn shrinkwrap Excluding devDependency: webpack@1.12.9 { bootstrap: '^3.3.5',
27 warn shrinkwrap   jquery: '^1.9.1',
27 warn shrinkwrap   lodash: '^3.9.1',
27 warn shrinkwrap   mithril: '^0.2.0' }
28 verbose stack Error: Problems were encountered
28 verbose stack Please correct and try again.
28 verbose stack invalid: have lodash@0.9.2 (expected: ^3.9.1) /home/xopher/www/iii.superdomx.com/node_modules/lodash
28 verbose stack extraneous: async@0.1.22 /home/xopher/www/iii.superdomx.com/node_modules/async
28 verbose stack extraneous: bin-version-check@0.1.0 /home/xopher/www/iii.superdomx.com/node_modules/bin-version-check
28 verbose stack missing: debug@~2.2.0, required by body-parser@1.14.1
28 verbose stack extraneous: chalk@0.5.1 /home/xopher/www/iii.superdomx.com/node_modules/chalk
28 verbose stack extraneous: coffee-script@1.3.3 /home/xopher/www/iii.superdomx.com/node_modules/coffee-script
28 verbose stack missing: graceful-fs@^4.1.2, required by configstore@1.3.0
28 verbose stack extraneous: dargs@0.1.0 /home/xopher/www/iii.superdomx.com/node_modules/dargs
28 verbose stack extraneous: dateformat@1.0.2-1.2.3 /home/xopher/www/iii.superdomx.com/node_modules/dateformat
28 verbose stack extraneous: debug@0.7.4 /home/xopher/www/iii.superdomx.com/node_modules/debug
28 verbose stack missing: graceful-fs@^4.1.2, required by enhanced-resolve@0.9.1
28 verbose stack extraneous: eventemitter2@0.4.14 /home/xopher/www/iii.superdomx.com/node_modules/eventemitter2
28 verbose stack extraneous: findup-sync@0.1.3 /home/xopher/www/iii.superdomx.com/node_modules/findup-sync
28 verbose stack extraneous: gaze@0.5.2 /home/xopher/www/iii.superdomx.com/node_modules/gaze
28 verbose stack extraneous: glob@3.1.21 /home/xopher/www/iii.superdomx.com/node_modules/glob
28 verbose stack extraneous: grunt@0.4.5 /home/xopher/www/iii.superdomx.com/node_modules/grunt
28 verbose stack extraneous: graceful-fs@1.2.3 /home/xopher/www/iii.superdomx.com/node_modules/grunt/node_modules/graceful-fs
28 verbose stack extraneous: inherits@1.0.2 /home/xopher/www/iii.superdomx.com/node_modules/grunt/node_modules/inherits
28 verbose stack extraneous: grunt-contrib-clean@0.6.0 /home/xopher/www/iii.superdomx.com/node_modules/grunt-contrib-clean
28 verbose stack extraneous: grunt-contrib-compass@0.9.1 /home/xopher/www/iii.superdomx.com/node_modules/grunt-contrib-compass
28 verbose stack extraneous: grunt-contrib-copy@0.5.0 /home/xopher/www/iii.superdomx.com/node_modules/grunt-contrib-copy
28 verbose stack extraneous: grunt-contrib-rename@0.0.3 /home/xopher/www/iii.superdomx.com/node_modules/grunt-contrib-rename
28 verbose stack extraneous: grunt-contrib-uglify@0.5.1 /home/xopher/www/iii.superdomx.com/node_modules/grunt-contrib-uglify
28 verbose stack extraneous: ansi-styles@1.1.0 /home/xopher/www/iii.superdomx.com/node_modules/grunt-contrib-uglify/node_modules/ansi-styles
28 verbose stack extraneous: has-ansi@0.1.0 /home/xopher/www/iii.superdomx.com/node_modules/grunt-contrib-uglify/node_modules/has-ansi
28 verbose stack extraneous: strip-ansi@0.3.0 /home/xopher/www/iii.superdomx.com/node_modules/grunt-contrib-uglify/node_modules/strip-ansi
28 verbose stack extraneous: supports-color@0.2.0 /home/xopher/www/iii.superdomx.com/node_modules/grunt-contrib-uglify/node_modules/supports-color
28 verbose stack extraneous: grunt-contrib-watch@0.6.1 /home/xopher/www/iii.superdomx.com/node_modules/grunt-contrib-watch
28 verbose stack extraneous: grunt-handlebars-layouts@0.1.6 /home/xopher/www/iii.superdomx.com/node_modules/grunt-handlebars-layouts
28 verbose stack invalid: have handlebars@2.0.0 (expected: ~1.3.0) /home/xopher/www/iii.superdomx.com/node_modules/grunt-handlebars-layouts/node_modules/handlebars
28 verbose stack extraneous: handlebars@2.0.0 /home/xopher/www/iii.superdomx.com/node_modules/grunt-handlebars-layouts/node_modules/handlebars
28 verbose stack extraneous: uglify-js@2.3.6 /home/xopher/www/iii.superdomx.com/node_modules/grunt-handlebars-layouts/node_modules/uglify-js
28 verbose stack extraneous: grunt-legacy-log@0.1.2 /home/xopher/www/iii.superdomx.com/node_modules/grunt-legacy-log
28 verbose stack extraneous: grunt-legacy-util@0.2.0 /home/xopher/www/iii.superdomx.com/node_modules/grunt-legacy-util
28 verbose stack extraneous: handlebars@4.0.5 /home/xopher/www/iii.superdomx.com/node_modules/handlebars
28 verbose stack extraneous: iconv-lite@0.2.11 /home/xopher/www/iii.superdomx.com/node_modules/iconv-lite
28 verbose stack extraneous: inflight@1.0.4 /home/xopher/www/iii.superdomx.com/node_modules/inflight
28 verbose stack extraneous: js-yaml@2.0.5 /home/xopher/www/iii.superdomx.com/node_modules/js-yaml
28 verbose stack missing: glob@^5.0.10, required by karma@0.13.15
28 verbose stack missing: graceful-fs@^4.1.2, required by karma@0.13.15
28 verbose stack missing: lodash@^3.8.0, required by karma@0.13.15
28 verbose stack missing: rimraf@^2.3.3, required by karma@0.13.15
28 verbose stack missing: debug@2.2.0, required by localtunnel@1.8.0
28 verbose stack extraneous: lodash@0.9.2 /home/xopher/www/iii.superdomx.com/node_modules/lodash
28 verbose stack extraneous: maxmin@0.2.2 /home/xopher/www/iii.superdomx.com/node_modules/maxmin
28 verbose stack extraneous: nopt@1.0.10 /home/xopher/www/iii.superdomx.com/node_modules/nopt
28 verbose stack missing: iconv-lite@0.4.13, required by raw-body@2.1.5
28 verbose stack missing: debug@~2.2.0, required by send@0.13.0
28 verbose stack extraneous: tiny-lr-fork@0.0.5 /home/xopher/www/iii.superdomx.com/node_modules/tiny-lr-fork
28 verbose stack extraneous: tmp@0.0.23 /home/xopher/www/iii.superdomx.com/node_modules/tmp
28 verbose stack missing: graceful-fs@^4.1.2, required by watchpack@0.2.9
28 verbose stack missing: nopt@3.0.x, required by weinre@2.0.0-pre-I0Z7U9OV
28 verbose stack extraneous: yargs@3.10.0 /home/xopher/www/iii.superdomx.com/node_modules/yargs
28 verbose stack     at shrinkwrap_ (/home/xopher/.nodenv/versions/4.2.1/lib/node_modules/npm/lib/shrinkwrap.js:101:15)
28 verbose stack     at /home/xopher/.nodenv/versions/4.2.1/lib/node_modules/npm/lib/shrinkwrap.js:36:5
28 verbose stack     at /home/xopher/.nodenv/versions/4.2.1/lib/node_modules/npm/node_modules/iferr/index.js:13:50
28 verbose stack     at /home/xopher/.nodenv/versions/4.2.1/lib/node_modules/npm/lib/install/deps.js:121:5
28 verbose stack     at LOOP (/home/xopher/.nodenv/versions/4.2.1/lib/node_modules/npm/node_modules/slide/lib/chain.js:7:26)
28 verbose stack     at /home/xopher/.nodenv/versions/4.2.1/lib/node_modules/npm/node_modules/slide/lib/chain.js:18:7
28 verbose stack     at cb (/home/xopher/.nodenv/versions/4.2.1/lib/node_modules/npm/node_modules/slide/lib/async-map.js:47:24)
28 verbose stack     at /home/xopher/.nodenv/versions/4.2.1/lib/node_modules/npm/lib/install/deps.js:121:5
28 verbose stack     at LOOP (/home/xopher/.nodenv/versions/4.2.1/lib/node_modules/npm/node_modules/slide/lib/chain.js:7:26)
28 verbose stack     at /home/xopher/.nodenv/versions/4.2.1/lib/node_modules/npm/node_modules/slide/lib/chain.js:18:7
29 verbose cwd /home/xopher/www/iii.superdomx.com
30 error Linux 3.13.0-71-generic
31 error argv "/home/xopher/.nodenv/versions/4.2.1/bin/node" "/home/xopher/.nodenv/versions/4.2.1/bin/npm" "shrinkwrap"
32 error node v4.2.1
33 error npm  v3.5.1
34 error Problems were encountered
34 error Please correct and try again.
34 error invalid: have lodash@0.9.2 (expected: ^3.9.1) /home/xopher/www/iii.superdomx.com/node_modules/lodash
34 error extraneous: async@0.1.22 /home/xopher/www/iii.superdomx.com/node_modules/async
34 error extraneous: bin-version-check@0.1.0 /home/xopher/www/iii.superdomx.com/node_modules/bin-version-check
34 error missing: debug@~2.2.0, required by body-parser@1.14.1
34 error extraneous: chalk@0.5.1 /home/xopher/www/iii.superdomx.com/node_modules/chalk
34 error extraneous: coffee-script@1.3.3 /home/xopher/www/iii.superdomx.com/node_modules/coffee-script
34 error missing: graceful-fs@^4.1.2, required by configstore@1.3.0
34 error extraneous: dargs@0.1.0 /home/xopher/www/iii.superdomx.com/node_modules/dargs
34 error extraneous: dateformat@1.0.2-1.2.3 /home/xopher/www/iii.superdomx.com/node_modules/dateformat
34 error extraneous: debug@0.7.4 /home/xopher/www/iii.superdomx.com/node_modules/debug
34 error missing: graceful-fs@^4.1.2, required by enhanced-resolve@0.9.1
34 error extraneous: eventemitter2@0.4.14 /home/xopher/www/iii.superdomx.com/node_modules/eventemitter2
34 error extraneous: findup-sync@0.1.3 /home/xopher/www/iii.superdomx.com/node_modules/findup-sync
34 error extraneous: gaze@0.5.2 /home/xopher/www/iii.superdomx.com/node_modules/gaze
34 error extraneous: glob@3.1.21 /home/xopher/www/iii.superdomx.com/node_modules/glob
34 error extraneous: grunt@0.4.5 /home/xopher/www/iii.superdomx.com/node_modules/grunt
34 error extraneous: graceful-fs@1.2.3 /home/xopher/www/iii.superdomx.com/node_modules/grunt/node_modules/graceful-fs
34 error extraneous: inherits@1.0.2 /home/xopher/www/iii.superdomx.com/node_modules/grunt/node_modules/inherits
34 error extraneous: grunt-contrib-clean@0.6.0 /home/xopher/www/iii.superdomx.com/node_modules/grunt-contrib-clean
34 error extraneous: grunt-contrib-compass@0.9.1 /home/xopher/www/iii.superdomx.com/node_modules/grunt-contrib-compass
34 error extraneous: grunt-contrib-copy@0.5.0 /home/xopher/www/iii.superdomx.com/node_modules/grunt-contrib-copy
34 error extraneous: grunt-contrib-rename@0.0.3 /home/xopher/www/iii.superdomx.com/node_modules/grunt-contrib-rename
34 error extraneous: grunt-contrib-uglify@0.5.1 /home/xopher/www/iii.superdomx.com/node_modules/grunt-contrib-uglify
34 error extraneous: ansi-styles@1.1.0 /home/xopher/www/iii.superdomx.com/node_modules/grunt-contrib-uglify/node_modules/ansi-styles
34 error extraneous: has-ansi@0.1.0 /home/xopher/www/iii.superdomx.com/node_modules/grunt-contrib-uglify/node_modules/has-ansi
34 error extraneous: strip-ansi@0.3.0 /home/xopher/www/iii.superdomx.com/node_modules/grunt-contrib-uglify/node_modules/strip-ansi
34 error extraneous: supports-color@0.2.0 /home/xopher/www/iii.superdomx.com/node_modules/grunt-contrib-uglify/node_modules/supports-color
34 error extraneous: grunt-contrib-watch@0.6.1 /home/xopher/www/iii.superdomx.com/node_modules/grunt-contrib-watch
34 error extraneous: grunt-handlebars-layouts@0.1.6 /home/xopher/www/iii.superdomx.com/node_modules/grunt-handlebars-layouts
34 error invalid: have handlebars@2.0.0 (expected: ~1.3.0) /home/xopher/www/iii.superdomx.com/node_modules/grunt-handlebars-layouts/node_modules/handlebars
34 error extraneous: handlebars@2.0.0 /home/xopher/www/iii.superdomx.com/node_modules/grunt-handlebars-layouts/node_modules/handlebars
34 error extraneous: uglify-js@2.3.6 /home/xopher/www/iii.superdomx.com/node_modules/grunt-handlebars-layouts/node_modules/uglify-js
34 error extraneous: grunt-legacy-log@0.1.2 /home/xopher/www/iii.superdomx.com/node_modules/grunt-legacy-log
34 error extraneous: grunt-legacy-util@0.2.0 /home/xopher/www/iii.superdomx.com/node_modules/grunt-legacy-util
34 error extraneous: handlebars@4.0.5 /home/xopher/www/iii.superdomx.com/node_modules/handlebars
34 error extraneous: iconv-lite@0.2.11 /home/xopher/www/iii.superdomx.com/node_modules/iconv-lite
34 error extraneous: inflight@1.0.4 /home/xopher/www/iii.superdomx.com/node_modules/inflight
34 error extraneous: js-yaml@2.0.5 /home/xopher/www/iii.superdomx.com/node_modules/js-yaml
34 error missing: glob@^5.0.10, required by karma@0.13.15
34 error missing: graceful-fs@^4.1.2, required by karma@0.13.15
34 error missing: lodash@^3.8.0, required by karma@0.13.15
34 error missing: rimraf@^2.3.3, required by karma@0.13.15
34 error missing: debug@2.2.0, required by localtunnel@1.8.0
34 error extraneous: lodash@0.9.2 /home/xopher/www/iii.superdomx.com/node_modules/lodash
34 error extraneous: maxmin@0.2.2 /home/xopher/www/iii.superdomx.com/node_modules/maxmin
34 error extraneous: nopt@1.0.10 /home/xopher/www/iii.superdomx.com/node_modules/nopt
34 error missing: iconv-lite@0.4.13, required by raw-body@2.1.5
34 error missing: debug@~2.2.0, required by send@0.13.0
34 error extraneous: tiny-lr-fork@0.0.5 /home/xopher/www/iii.superdomx.com/node_modules/tiny-lr-fork
34 error extraneous: tmp@0.0.23 /home/xopher/www/iii.superdomx.com/node_modules/tmp
34 error missing: graceful-fs@^4.1.2, required by watchpack@0.2.9
34 error missing: nopt@3.0.x, required by weinre@2.0.0-pre-I0Z7U9OV
34 error extraneous: yargs@3.10.0 /home/xopher/www/iii.superdomx.com/node_modules/yargs
35 error If you need help, you may report this error at:
35 error     <https://github.com/npm/npm/issues>
36 verbose exit [ 1, true ]
